Created by PLY version 3.11 (http://www.dabeaz.com/ply)

Grammar

Rule 0     S' -> instruccion
Rule 1     instruccion -> CANTIDAD MONEDA MONEDA FIN

Terminals, with rules where they appear

CANTIDAD             : 1
FIN                  : 1
MONEDA               : 1 1
error                : 

Nonterminals, with rules where they appear

instruccion          : 0

Parsing method: LALR

state 0

    (0) S' -> . instruccion
    (1) instruccion -> . CANTIDAD MONEDA MONEDA FIN

    CANTIDAD        shift and go to state 2

    instruccion                    shift and go to state 1

state 1

    (0) S' -> instruccion .



state 2

    (1) instruccion -> CANTIDAD . MONEDA MONEDA FIN

    MONEDA          shift and go to state 3


state 3

    (1) instruccion -> CANTIDAD MONEDA . MONEDA FIN

    MONEDA          shift and go to state 4


state 4

    (1) instruccion -> CANTIDAD MONEDA MONEDA . FIN

    FIN             shift and go to state 5


state 5

    (1) instruccion -> CANTIDAD MONEDA MONEDA FIN .

    $end            reduce using rule 1 (instruccion -> CANTIDAD MONEDA MONEDA FIN .)

